<?xml version="1.0" encoding="UTF-8"?>
<testsuite name="com.techprimers.kafka.springbootkafkaconsumerexample.SpringBootKafkaConsumerExampleApplicationTests" time="0.006" tests="1" errors="1" skipped="0" failures="0">
  <properties>
[...]
</properties>
  <testcase name="initializationError" classname="com.techprimers.kafka.springbootkafkaconsumerexample.SpringBootKafkaConsumerExampleApplicationTests" time="0.006">
    <error message="Unable to find a @SpringBootConfiguration, you need to use @ContextConfiguration or @SpringBootTest(classes=...) with your test" type="java.lang.IllegalStateException"><![CDATA[java.lang.IllegalStateException: Unable to find a @SpringBootConfiguration, you need to use @ContextConfiguration or @SpringBootTest(classes=...) with your test
	at org.springframework.util.Assert.state(Assert.java:70)
	at org.springframework.boot.test.context.SpringBootTestContextBootstrapper.getOrFindConfigurationClasses(SpringBootTestContextBootstrapper.java:202)
	at org.springframework.boot.test.context.SpringBootTestContextBootstrapper.processMergedContextConfiguration(SpringBootTestContextBootstrapper.java:137)
	at org.springframework.test.context.support.AbstractTestContextBootstrapper.buildMergedContextConfiguration(AbstractTestContextBootstrapper.java:397)
	at org.springframework.test.context.support.AbstractTestContextBootstrapper.buildDefaultMergedContextConfiguration(AbstractTestContextBootstrapper.java:311)
	at org.springframework.test.context.support.AbstractTestContextBootstrapper.buildMergedContextConfiguration(AbstractTestContextBootstrapper.java:265)
	at org.springframework.test.context.support.AbstractTestContextBootstrapper.buildTestContext(AbstractTestContextBootstrapper.java:105)
	at org.springframework.boot.test.context.SpringBootTestContextBootstrapper.buildTestContext(SpringBootTestContextBootstrapper.java:82)
	at org.springframework.test.context.TestContextManager.<init>(TestContextManager.java:120)
	at org.springframework.test.context.TestContextManager.<init>(TestContextManager.java:105)
	at org.springframework.test.context.junit4.SpringJUnit4ClassRunner.createTestContextManager(SpringJUnit4ClassRunner.java:152)
	at org.springframework.test.context.junit4.SpringJUnit4ClassRunner.<init>(SpringJUnit4ClassRunner.java:143)
	at org.springframework.test.context.junit4.SpringRunner.<init>(SpringRunner.java:49)
	at sun.reflect.NativeConstructorAccessorImpl.newInstance0(Native Method)
	at sun.reflect.NativeConstructorAccessorImpl.newInstance(NativeConstructorAccessorImpl.java:62)
	at sun.reflect.DelegatingConstructorAccessorImpl.newInstance(DelegatingConstructorAccessorImpl.java:45)
	at java.lang.reflect.Constructor.newInstance(Constructor.java:423)
	at org.junit.internal.builders.AnnotatedBuilder.buildRunner(AnnotatedBuilder.java:104)
	at org.junit.internal.builders.AnnotatedBuilder.runnerForClass(AnnotatedBuilder.java:86)
	at org.junit.runners.model.RunnerBuilder.safeRunnerForClass(RunnerBuilder.java:59)
	at org.junit.internal.builders.AllDefaultPossibilitiesBuilder.runnerForClass(AllDefaultPossibilitiesBuilder.java:26)
	at org.junit.runners.model.RunnerBuilder.safeRunnerForClass(RunnerBuilder.java:59)
	at org.junit.internal.requests.ClassRequest.getRunner(ClassRequest.java:33)
	at org.apache.maven.surefire.junit4.JUnit4Provider.execute(JUnit4Provider.java:283)
	at org.apache.maven.surefire.junit4.JUnit4Provider.executeWithRerun(JUnit4Provider.java:173)
	at org.apache.maven.surefire.junit4.JUnit4Provider.executeTestSet(JUnit4Provider.java:153)
	at org.apache.maven.surefire.junit4.JUnit4Provider.invoke(JUnit4Provider.java:128)
	at org.apache.maven.surefire.booter.ForkedBooter.invokeProviderInSameClassLoader(ForkedBooter.java:203)
	at org.apache.maven.surefire.booter.ForkedBooter.runSuitesInProcess(ForkedBooter.java:155)
	at org.apache.maven.surefire.booter.ForkedBooter.main(ForkedBooter.java:103)
]]></error>
    <system-out><![CDATA[16:50:06.240 [main] DEBUG org.springframework.test.context.junit4.SpringJUnit4ClassRunner - SpringJUnit4ClassRunner constructor called with [class com.techprimers.kafka.springbootkafkaconsumerexample.SpringBootKafkaConsumerExampleApplicationTests]
16:50:06.244 [main] DEBUG org.springframework.test.context.BootstrapUtils - Instantiating CacheAwareContextLoaderDelegate from class [org.springframework.test.context.cache.DefaultCacheAwareContextLoaderDelegate]
16:50:06.250 [main] DEBUG org.springframework.test.context.BootstrapUtils - Instantiating BootstrapContext using constructor [public org.springframework.test.context.support.DefaultBootstrapContext(java.lang.Class,org.springframework.test.context.CacheAwareContextLoaderDelegate)]
16:50:06.265 [main] DEBUG org.springframework.test.context.BootstrapUtils - Instantiating TestContextBootstrapper for test class [com.techprimers.kafka.springbootkafkaconsumerexample.SpringBootKafkaConsumerExampleApplicationTests] from class [org.springframework.boot.test.context.SpringBootTestContextBootstrapper]
16:50:06.276 [main] INFO org.springframework.boot.test.context.SpringBootTestContextBootstrapper - Neither @ContextConfiguration nor @ContextHierarchy found for test class [com.techprimers.kafka.springbootkafkaconsumerexample.SpringBootKafkaConsumerExampleApplicationTests], using SpringBootContextLoader
16:50:06.278 [main] DEBUG org.springframework.test.context.support.AbstractContextLoader - Did not detect default resource location for test class [com.techprimers.kafka.springbootkafkaconsumerexample.SpringBootKafkaConsumerExampleApplicationTests]: class path resource [com/techprimers/kafka/springbootkafkaconsumerexample/SpringBootKafkaConsumerExampleApplicationTests-context.xml] does not exist
16:50:06.278 [main] DEBUG org.springframework.test.context.support.AbstractContextLoader - Did not detect default resource location for test class [com.techprimers.kafka.springbootkafkaconsumerexample.SpringBootKafkaConsumerExampleApplicationTests]: class path resource [com/techprimers/kafka/springbootkafkaconsumerexample/SpringBootKafkaConsumerExampleApplicationTestsContext.groovy] does not exist
16:50:06.278 [main] INFO org.springframework.test.context.support.AbstractContextLoader - Could not detect default resource locations for test class [com.techprimers.kafka.springbootkafkaconsumerexample.SpringBootKafkaConsumerExampleApplicationTests]: no resource found for suffixes {-context.xml, Context.groovy}.
16:50:06.279 [main] INFO org.springframework.test.context.support.AnnotationConfigContextLoaderUtils - Could not detect default configuration classes for test class [com.techprimers.kafka.springbootkafkaconsumerexample.SpringBootKafkaConsumerExampleApplicationTests]: SpringBootKafkaConsumerExampleApplicationTests does not declare any static, non-private, non-final, nested classes annotated with @Configuration.
16:50:06.302 [main] DEBUG org.springframework.test.context.support.ActiveProfilesUtils - Could not find an 'annotation declaring class' for annotation type [org.springframework.test.context.ActiveProfiles] and class [com.techprimers.kafka.springbootkafkaconsumerexample.SpringBootKafkaConsumerExampleApplicationTests]
16:50:06.308 [main] DEBUG org.springframework.core.env.StandardEnvironment - Adding PropertySource 'systemProperties' with lowest search precedence
16:50:06.309 [main] DEBUG org.springframework.core.env.StandardEnvironment - Adding PropertySource 'systemEnvironment' with lowest search precedence
16:50:06.310 [main] DEBUG org.springframework.core.env.StandardEnvironment - Initialized StandardEnvironment with PropertySources [MapPropertySource@861842890 {name='systemProperties', properties={idea.version=2018.3.4, java.runtime.name=Java(TM) SE Runtime Environment, sun.boot.library.path=/usr/lib/jvm/java-8-oracle/jre/lib/amd64, java.vm.version=25.201-b09, java.vm.vendor=Oracle Corporation, java.vendor.url=http://java.oracle.com/, path.separator=:, java.vm.name=Java HotSpot(TM) 64-Bit Server VM, file.encoding.pkg=sun.io, user.country=US, sun.java.launcher=SUN_STANDARD, sun.os.patch.level=unknown, java.vm.specification.name=Java Virtual Machine Specification, user.dir=/home/dogukanku/IdeaProjects/spring-boot-kafka-consumer-example, java.runtime.version=1.8.0_201-b09, basedir=/home/dogukanku/IdeaProjects/spring-boot-kafka-consumer-example, java.awt.graphicsenv=sun.awt.X11GraphicsEnvironment, java.endorsed.dirs=/usr/lib/jvm/java-8-oracle/jre/lib/endorsed, os.arch=amd64, surefire.real.class.path=/home/dogukanku/IdeaProjects/spring-boot-kafka-consumer-example/target/surefire/surefirebooter6573962181115915215.jar, java.io.tmpdir=/tmp, line.separator=
, java.vm.specification.vendor=Oracle Corporation, os.name=Linux, sun.jnu.encoding=UTF-8, java.library.path=/usr/java/packages/lib/amd64:/usr/lib64:/lib64:/lib:/usr/lib, surefire.test.class.path=/home/dogukanku/IdeaProjects/spring-boot-kafka-consumer-example/target/test-classes:/home/dogukanku/IdeaProjects/spring-boot-kafka-consumer-example/target/classes:/home/dogukanku/.m2/repository/org/springframework/boot/spring-boot-starter/1.5.13.RELEASE/spring-boot-starter-1.5.13.RELEASE.jar:/home/dogukanku/.m2/repository/org/springframework/boot/spring-boot/1.5.13.RELEASE/spring-boot-1.5.13.RELEASE.jar:/home/dogukanku/.m2/repository/org/springframework/spring-context/4.3.17.RELEASE/spring-context-4.3.17.RELEASE.jar:/home/dogukanku/.m2/repository/org/springframework/spring-aop/4.3.17.RELEASE/spring-aop-4.3.17.RELEASE.jar:/home/dogukanku/.m2/repository/org/springframework/spring-expression/4.3.17.RELEASE/spring-expression-4.3.17.RELEASE.jar:/home/dogukanku/.m2/repository/org/springframework/boot/spring-boot-autoconfigure/1.5.13.RELEASE/spring-boot-autoconfigure-1.5.13.RELEASE.jar:/home/dogukanku/.m2/repository/org/springframework/boot/spring-boot-starter-logging/1.5.13.RELEASE/spring-boot-starter-logging-1.5.13.RELEASE.jar:/home/dogukanku/.m2/repository/ch/qos/logback/logback-classic/1.1.11/logback-classic-1.1.11.jar:/home/dogukanku/.m2/repository/ch/qos/logback/logback-core/1.1.11/logback-core-1.1.11.jar:/home/dogukanku/.m2/repository/org/slf4j/jcl-over-slf4j/1.7.25/jcl-over-slf4j-1.7.25.jar:/home/dogukanku/.m2/repository/org/slf4j/jul-to-slf4j/1.7.25/jul-to-slf4j-1.7.25.jar:/home/dogukanku/.m2/repository/org/slf4j/log4j-over-slf4j/1.7.25/log4j-over-slf4j-1.7.25.jar:/home/dogukanku/.m2/repository/org/springframework/spring-core/4.3.17.RELEASE/spring-core-4.3.17.RELEASE.jar:/home/dogukanku/.m2/repository/org/yaml/snakeyaml/1.17/snakeyaml-1.17.jar:/home/dogukanku/.m2/repository/org/springframework/kafka/spring-kafka/1.1.8.RELEASE/spring-kafka-1.1.8.RELEASE.jar:/home/dogukanku/.m2/repository/org/springframework/spring-messaging/4.3.17.RELEASE/spring-messaging-4.3.17.RELEASE.jar:/home/dogukanku/.m2/repository/org/springframework/spring-beans/4.3.17.RELEASE/spring-beans-4.3.17.RELEASE.jar:/home/dogukanku/.m2/repository/org/springframework/retry/spring-retry/1.2.2.RELEASE/spring-retry-1.2.2.RELEASE.jar:/home/dogukanku/.m2/repository/org/apache/kafka/kafka-clients/0.10.1.1/kafka-clients-0.10.1.1.jar:/home/dogukanku/.m2/repository/net/jpountz/lz4/lz4/1.3.0/lz4-1.3.0.jar:/home/dogukanku/.m2/repository/org/xerial/snappy/snappy-java/1.1.2.6/snappy-java-1.1.2.6.jar:/home/dogukanku/.m2/repository/com/fasterxml/jackson/core/jackson-databind/2.6.7/jackson-databind-2.6.7.jar:/home/dogukanku/.m2/repository/com/fasterxml/jackson/core/jackson-annotations/2.8.0/jackson-annotations-2.8.0.jar:/home/dogukanku/.m2/repository/com/fasterxml/jackson/core/jackson-core/2.8.11/jackson-core-2.8.11.jar:/home/dogukanku/.m2/repository/org/springframework/boot/spring-boot-starter-test/1.5.13.RELEASE/spring-boot-starter-test-1.5.13.RELEASE.jar:/home/dogukanku/.m2/repository/org/springframework/boot/spring-boot-test/1.5.13.RELEASE/spring-boot-test-1.5.13.RELEASE.jar:/home/dogukanku/.m2/repository/org/springframework/boot/spring-boot-test-autoconfigure/1.5.13.RELEASE/spring-boot-test-autoconfigure-1.5.13.RELEASE.jar:/home/dogukanku/.m2/repository/com/jayway/jsonpath/json-path/2.2.0/json-path-2.2.0.jar:/home/dogukanku/.m2/repository/net/minidev/json-smart/2.2.1/json-smart-2.2.1.jar:/home/dogukanku/.m2/repository/net/minidev/accessors-smart/1.1/accessors-smart-1.1.jar:/home/dogukanku/.m2/repository/org/ow2/asm/asm/5.0.3/asm-5.0.3.jar:/home/dogukanku/.m2/repository/org/slf4j/slf4j-api/1.7.25/slf4j-api-1.7.25.jar:/home/dogukanku/.m2/repository/junit/junit/4.12/junit-4.12.jar:/home/dogukanku/.m2/repository/org/assertj/assertj-core/2.6.0/assertj-core-2.6.0.jar:/home/dogukanku/.m2/repository/org/mockito/mockito-core/1.10.19/mockito-core-1.10.19.jar:/home/dogukanku/.m2/repository/org/objenesis/objenesis/2.1/objenesis-2.1.jar:/home/dogukanku/.m2/repository/org/hamcrest/hamcrest-core/1.3/hamcrest-core-1.3.jar:/home/dogukanku/.m2/repository/org/hamcrest/hamcrest-library/1.3/hamcrest-library-1.3.jar:/home/dogukanku/.m2/repository/org/skyscreamer/jsonassert/1.4.0/jsonassert-1.4.0.jar:/home/dogukanku/.m2/repository/com/vaadin/external/google/android-json/0.0.20131108.vaadin1/android-json-0.0.20131108.vaadin1.jar:/home/dogukanku/.m2/repository/org/springframework/spring-test/4.3.17.RELEASE/spring-test-4.3.17.RELEASE.jar:, java.specification.name=Java Platform API Specification, java.class.version=52.0, sun.management.compiler=HotSpot 64-Bit Tiered Compilers, os.version=4.15.0-45-generic, user.home=/home/dogukanku, user.timezone=Europe/Istanbul, java.awt.printerjob=sun.print.PSPrinterJob, file.encoding=UTF-8, java.specification.version=1.8, java.class.path=/home/dogukanku/IdeaProjects/spring-boot-kafka-consumer-example/target/test-classes:/home/dogukanku/IdeaProjects/spring-boot-kafka-consumer-example/target/classes:/home/dogukanku/.m2/repository/org/springframework/boot/spring-boot-starter/1.5.13.RELEASE/spring-boot-starter-1.5.13.RELEASE.jar:/home/dogukanku/.m2/repository/org/springframework/boot/spring-boot/1.5.13.RELEASE/spring-boot-1.5.13.RELEASE.jar:/home/dogukanku/.m2/repository/org/springframework/spring-context/4.3.17.RELEASE/spring-context-4.3.17.RELEASE.jar:/home/dogukanku/.m2/repository/org/springframework/spring-aop/4.3.17.RELEASE/spring-aop-4.3.17.RELEASE.jar:/home/dogukanku/.m2/repository/org/springframework/spring-expression/4.3.17.RELEASE/spring-expression-4.3.17.RELEASE.jar:/home/dogukanku/.m2/repository/org/springframework/boot/spring-boot-autoconfigure/1.5.13.RELEASE/spring-boot-autoconfigure-1.5.13.RELEASE.jar:/home/dogukanku/.m2/repository/org/springframework/boot/spring-boot-starter-logging/1.5.13.RELEASE/spring-boot-starter-logging-1.5.13.RELEASE.jar:/home/dogukanku/.m2/repository/ch/qos/logback/logback-classic/1.1.11/logback-classic-1.1.11.jar:/home/dogukanku/.m2/repository/ch/qos/logback/logback-core/1.1.11/logback-core-1.1.11.jar:/home/dogukanku/.m2/repository/org/slf4j/jcl-over-slf4j/1.7.25/jcl-over-slf4j-1.7.25.jar:/home/dogukanku/.m2/repository/org/slf4j/jul-to-slf4j/1.7.25/jul-to-slf4j-1.7.25.jar:/home/dogukanku/.m2/repository/org/slf4j/log4j-over-slf4j/1.7.25/log4j-over-slf4j-1.7.25.jar:/home/dogukanku/.m2/repository/org/springframework/spring-core/4.3.17.RELEASE/spring-core-4.3.17.RELEASE.jar:/home/dogukanku/.m2/repository/org/yaml/snakeyaml/1.17/snakeyaml-1.17.jar:/home/dogukanku/.m2/repository/org/springframework/kafka/spring-kafka/1.1.8.RELEASE/spring-kafka-1.1.8.RELEASE.jar:/home/dogukanku/.m2/repository/org/springframework/spring-messaging/4.3.17.RELEASE/spring-messaging-4.3.17.RELEASE.jar:/home/dogukanku/.m2/repository/org/springframework/spring-beans/4.3.17.RELEASE/spring-beans-4.3.17.RELEASE.jar:/home/dogukanku/.m2/repository/org/springframework/retry/spring-retry/1.2.2.RELEASE/spring-retry-1.2.2.RELEASE.jar:/home/dogukanku/.m2/repository/org/apache/kafka/kafka-clients/0.10.1.1/kafka-clients-0.10.1.1.jar:/home/dogukanku/.m2/repository/net/jpountz/lz4/lz4/1.3.0/lz4-1.3.0.jar:/home/dogukanku/.m2/repository/org/xerial/snappy/snappy-java/1.1.2.6/snappy-java-1.1.2.6.jar:/home/dogukanku/.m2/repository/com/fasterxml/jackson/core/jackson-databind/2.6.7/jackson-databind-2.6.7.jar:/home/dogukanku/.m2/repository/com/fasterxml/jackson/core/jackson-annotations/2.8.0/jackson-annotations-2.8.0.jar:/home/dogukanku/.m2/repository/com/fasterxml/jackson/core/jackson-core/2.8.11/jackson-core-2.8.11.jar:/home/dogukanku/.m2/repository/org/springframework/boot/spring-boot-starter-test/1.5.13.RELEASE/spring-boot-starter-test-1.5.13.RELEASE.jar:/home/dogukanku/.m2/repository/org/springframework/boot/spring-boot-test/1.5.13.RELEASE/spring-boot-test-1.5.13.RELEASE.jar:/home/dogukanku/.m2/repository/org/springframework/boot/spring-boot-test-autoconfigure/1.5.13.RELEASE/spring-boot-test-autoconfigure-1.5.13.RELEASE.jar:/home/dogukanku/.m2/repository/com/jayway/jsonpath/json-path/2.2.0/json-path-2.2.0.jar:/home/dogukanku/.m2/repository/net/minidev/json-smart/2.2.1/json-smart-2.2.1.jar:/home/dogukanku/.m2/repository/net/minidev/accessors-smart/1.1/accessors-smart-1.1.jar:/home/dogukanku/.m2/repository/org/ow2/asm/asm/5.0.3/asm-5.0.3.jar:/home/dogukanku/.m2/repository/org/slf4j/slf4j-api/1.7.25/slf4j-api-1.7.25.jar:/home/dogukanku/.m2/repository/junit/junit/4.12/junit-4.12.jar:/home/dogukanku/.m2/repository/org/assertj/assertj-core/2.6.0/assertj-core-2.6.0.jar:/home/dogukanku/.m2/repository/org/mockito/mockito-core/1.10.19/mockito-core-1.10.19.jar:/home/dogukanku/.m2/repository/org/objenesis/objenesis/2.1/objenesis-2.1.jar:/home/dogukanku/.m2/repository/org/hamcrest/hamcrest-core/1.3/hamcrest-core-1.3.jar:/home/dogukanku/.m2/repository/org/hamcrest/hamcrest-library/1.3/hamcrest-library-1.3.jar:/home/dogukanku/.m2/repository/org/skyscreamer/jsonassert/1.4.0/jsonassert-1.4.0.jar:/home/dogukanku/.m2/repository/com/vaadin/external/google/android-json/0.0.20131108.vaadin1/android-json-0.0.20131108.vaadin1.jar:/home/dogukanku/.m2/repository/org/springframework/spring-test/4.3.17.RELEASE/spring-test-4.3.17.RELEASE.jar:, user.name=dogukanku, java.vm.specification.version=1.8, sun.java.command=/home/dogukanku/IdeaProjects/spring-boot-kafka-consumer-example/target/surefire/surefirebooter6573962181115915215.jar /home/dogukanku/IdeaProjects/spring-boot-kafka-consumer-example/target/surefire/surefire1600791188481294623tmp /home/dogukanku/IdeaProjects/spring-boot-kafka-consumer-example/target/surefire/surefire_01476280906653535185tmp, java.home=/usr/lib/jvm/java-8-oracle/jre, sun.arch.data.model=64, user.language=en, java.specification.vendor=Oracle Corporation, awt.toolkit=sun.awt.X11.XToolkit, java.vm.info=mixed mode, java.version=1.8.0_201, java.ext.dirs=/usr/lib/jvm/java-8-oracle/jre/lib/ext:/usr/java/packages/lib/ext, sun.boot.class.path=/usr/lib/jvm/java-8-oracle/jre/lib/resources.jar:/usr/lib/jvm/java-8-oracle/jre/lib/rt.jar:/usr/lib/jvm/java-8-oracle/jre/lib/sunrsasign.jar:/usr/lib/jvm/java-8-oracle/jre/lib/jsse.jar:/usr/lib/jvm/java-8-oracle/jre/lib/jce.jar:/usr/lib/jvm/java-8-oracle/jre/lib/charsets.jar:/usr/lib/jvm/java-8-oracle/jre/lib/jfr.jar:/usr/lib/jvm/java-8-oracle/jre/classes, java.vendor=Oracle Corporation, localRepository=/home/dogukanku/.m2/repository, file.separator=/, java.vendor.url.bug=http://bugreport.sun.com/bugreport/, sun.io.unicode.encoding=UnicodeLittle, sun.cpu.endian=little, sun.desktop=gnome, sun.cpu.isalist=}}, SystemEnvironmentPropertySource@553871028 {name='systemEnvironment', properties={PATH=/home/dogukanku/bin:/home/dogukanku/.local/bin:/opt/maven/bin:/usr/local/sbin:/usr/local/bin:/usr/sbin:/usr/bin:/sbin:/bin:/usr/games:/usr/local/games:/snap/bin:/usr/lib/jvm/java-8-oracle/bin:/usr/lib/jvm/java-8-oracle/db/bin:/usr/lib/jvm/java-8-oracle/jre/bin, LC_MEASUREMENT=tr_TR.UTF-8, XAUTHORITY=/home/dogukanku/.Xauthority, XMODIFIERS=@im=ibus, LC_TELEPHONE=tr_TR.UTF-8, XDG_DATA_DIRS=/usr/share/ubuntu:/usr/share/gnome:/usr/local/share:/usr/share:/var/lib/snapd/desktop, GDMSESSION=ubuntu, MANDATORY_PATH=/usr/share/gconf/ubuntu.mandatory.path, LC_TIME=tr_TR.UTF-8, GTK_IM_MODULE=ibus, DBUS_SESSION_BUS_ADDRESS=unix:abstract=/tmp/dbus-c2Dn0CTmrz, DEFAULTS_PATH=/usr/share/gconf/ubuntu.default.path, XDG_CURRENT_DESKTOP=Unity, UPSTART_SESSION=unix:abstract=/com/ubuntu/upstart-session/1000/2601, QT4_IM_MODULE=xim, LC_PAPER=tr_TR.UTF-8, QT_LINUX_ACCESSIBILITY_ALWAYS_ON=1, LOGNAME=dogukanku, JOB=unity-settings-daemon, PWD=/home/dogukanku/IdeaProjects/spring-boot-kafka-consumer-example, DERBY_HOME=/usr/lib/jvm/java-8-oracle/db, IM_CONFIG_PHASE=1, LANGUAGE=en_US, SHELL=/bin/bash, LC_ADDRESS=tr_TR.UTF-8, UNITY_HAS_3D_SUPPORT=true, GIO_LAUNCHED_DESKTOP_FILE=/home/dogukanku/.local/share/applications/jetbrains-idea.desktop, GTK2_MODULES=overlay-scrollbar, INSTANCE=, J2SDKDIR=/usr/lib/jvm/java-8-oracle, OLDPWD=/home/dogukanku/IdeaProjects/spring-boot-kafka-consumer-example, GNOME_DESKTOP_SESSION_ID=this-is-deprecated, UPSTART_INSTANCE=, GTK_MODULES=gail:atk-bridge:unity-gtk-module, J2REDIR=/usr/lib/jvm/java-8-oracle/jre, CLUTTER_IM_MODULE=xim, XDG_SESSION_PATH=/org/freedesktop/DisplayManager/Session0, M2_HOME=/opt/maven, COMPIZ_BIN_PATH=/usr/bin/, SESSIONTYPE=gnome-session, XDG_SESSION_DESKTOP=ubuntu, SHLVL=0, LC_IDENTIFICATION=tr_TR.UTF-8, LC_MONETARY=tr_TR.UTF-8, COMPIZ_CONFIG_PROFILE=ubuntu, QT_IM_MODULE=ibus, UPSTART_JOB=unity7, JAVA_HOME=/usr/lib/jvm/java-8-oracle, XDG_CONFIG_DIRS=/etc/xdg/xdg-ubuntu:/usr/share/upstart/xdg:/etc/xdg, LANG=en_US.UTF-8, GNOME_KEYRING_CONTROL=, XDG_SEAT_PATH=/org/freedesktop/DisplayManager/Seat0, XDG_SESSION_ID=c2, XDG_SESSION_TYPE=x11, DISPLAY=:0, UNITY_DEFAULT_PROFILE=unity, LC_NAME=tr_TR.UTF-8, GDM_LANG=en_US, XDG_GREETER_DATA_DIR=/var/lib/lightdm-data/dogukanku, UPSTART_EVENTS=xsession started, GPG_AGENT_INFO=/home/dogukanku/.gnupg/S.gpg-agent:0:1, DESKTOP_SESSION=ubuntu, SESSION=ubuntu, USER=dogukanku, XDG_MENU_PREFIX=gnome-, GIO_LAUNCHED_DESKTOP_FILE_PID=12442, QT_ACCESSIBILITY=1, LC_NUMERIC=tr_TR.UTF-8, SSH_AUTH_SOCK=/run/user/1000/keyring/ssh, XDG_SEAT=seat0, QT_QPA_PLATFORMTHEME=appmenu-qt5, XDG_VTNR=7, XDG_RUNTIME_DIR=/run/user/1000, HOME=/home/dogukanku, GNOME_KEYRING_PID=}}]
16:50:06.317 [main] DEBUG org.springframework.core.io.support.PathMatchingResourcePatternResolver - Resolved classpath location [com/techprimers/kafka/springbootkafkaconsumerexample/] to resources [URL [file:/home/dogukanku/IdeaProjects/spring-boot-kafka-consumer-example/target/test-classes/com/techprimers/kafka/springbootkafkaconsumerexample/]]
16:50:06.318 [main] DEBUG org.springframework.core.io.support.PathMatchingResourcePatternResolver - Looking for matching resources in directory tree [/home/dogukanku/IdeaProjects/spring-boot-kafka-consumer-example/target/test-classes/com/techprimers/kafka/springbootkafkaconsumerexample]
16:50:06.318 [main] DEBUG org.springframework.core.io.support.PathMatchingResourcePatternResolver - Searching directory [/home/dogukanku/IdeaProjects/spring-boot-kafka-consumer-example/target/test-classes/com/techprimers/kafka/springbootkafkaconsumerexample] for files matching pattern [/home/dogukanku/IdeaProjects/spring-boot-kafka-consumer-example/target/test-classes/com/techprimers/kafka/springbootkafkaconsumerexample/*.class]
16:50:06.320 [main] DEBUG org.springframework.core.io.support.PathMatchingResourcePatternResolver - Resolved location pattern [classpath*:com/techprimers/kafka/springbootkafkaconsumerexample/*.class] to resources [file [/home/dogukanku/IdeaProjects/spring-boot-kafka-consumer-example/target/test-classes/com/techprimers/kafka/springbootkafkaconsumerexample/SpringBootKafkaConsumerExampleApplicationTests.class]]
16:50:06.330 [main] DEBUG org.springframework.core.io.support.PathMatchingResourcePatternResolver - Resolved classpath location [com/techprimers/kafka/] to resources [URL [file:/home/dogukanku/IdeaProjects/spring-boot-kafka-consumer-example/target/test-classes/com/techprimers/kafka/]]
16:50:06.330 [main] DEBUG org.springframework.core.io.support.PathMatchingResourcePatternResolver - Looking for matching resources in directory tree [/home/dogukanku/IdeaProjects/spring-boot-kafka-consumer-example/target/test-classes/com/techprimers/kafka]
16:50:06.330 [main] DEBUG org.springframework.core.io.support.PathMatchingResourcePatternResolver - Searching directory [/home/dogukanku/IdeaProjects/spring-boot-kafka-consumer-example/target/test-classes/com/techprimers/kafka] for files matching pattern [/home/dogukanku/IdeaProjects/spring-boot-kafka-consumer-example/target/test-classes/com/techprimers/kafka/*.class]
16:50:06.330 [main] DEBUG org.springframework.core.io.support.PathMatchingResourcePatternResolver - Resolved location pattern [classpath*:com/techprimers/kafka/*.class] to resources []
16:50:06.330 [main] DEBUG org.springframework.core.io.support.PathMatchingResourcePatternResolver - Resolved classpath location [com/techprimers/] to resources [URL [file:/home/dogukanku/IdeaProjects/spring-boot-kafka-consumer-example/target/test-classes/com/techprimers/]]
16:50:06.331 [main] DEBUG org.springframework.core.io.support.PathMatchingResourcePatternResolver - Looking for matching resources in directory tree [/home/dogukanku/IdeaProjects/spring-boot-kafka-consumer-example/target/test-classes/com/techprimers]
16:50:06.331 [main] DEBUG org.springframework.core.io.support.PathMatchingResourcePatternResolver - Searching directory [/home/dogukanku/IdeaProjects/spring-boot-kafka-consumer-example/target/test-classes/com/techprimers] for files matching pattern [/home/dogukanku/IdeaProjects/spring-boot-kafka-consumer-example/target/test-classes/com/techprimers/*.class]
16:50:06.331 [main] DEBUG org.springframework.core.io.support.PathMatchingResourcePatternResolver - Resolved location pattern [classpath*:com/techprimers/*.class] to resources []
16:50:06.331 [main] DEBUG org.springframework.core.io.support.PathMatchingResourcePatternResolver - Resolved classpath location [com/] to resources [URL [file:/home/dogukanku/IdeaProjects/spring-boot-kafka-consumer-example/target/test-classes/com/], URL [file:/home/dogukanku/IdeaProjects/spring-boot-kafka-consumer-example/target/classes/com/], URL [jar:file:/home/dogukanku/.m2/repository/com/fasterxml/jackson/core/jackson-databind/2.6.7/jackson-databind-2.6.7.jar!/com/], URL [jar:file:/home/dogukanku/.m2/repository/com/fasterxml/jackson/core/jackson-annotations/2.8.0/jackson-annotations-2.8.0.jar!/com/], URL [jar:file:/home/dogukanku/.m2/repository/com/fasterxml/jackson/core/jackson-core/2.8.11/jackson-core-2.8.11.jar!/com/], URL [jar:file:/home/dogukanku/.m2/repository/com/jayway/jsonpath/json-path/2.2.0/json-path-2.2.0.jar!/com/]]
16:50:06.331 [main] DEBUG org.springframework.core.io.support.PathMatchingResourcePatternResolver - Looking for matching resources in directory tree [/home/dogukanku/IdeaProjects/spring-boot-kafka-consumer-example/target/test-classes/com]
16:50:06.331 [main] DEBUG org.springframework.core.io.support.PathMatchingResourcePatternResolver - Searching directory [/home/dogukanku/IdeaProjects/spring-boot-kafka-consumer-example/target/test-classes/com] for files matching pattern [/home/dogukanku/IdeaProjects/spring-boot-kafka-consumer-example/target/test-classes/com/*.class]
16:50:06.332 [main] DEBUG org.springframework.core.io.support.PathMatchingResourcePatternResolver - Looking for matching resources in directory tree [/home/dogukanku/IdeaProjects/spring-boot-kafka-consumer-example/target/classes/com]
16:50:06.332 [main] DEBUG org.springframework.core.io.support.PathMatchingResourcePatternResolver - Searching directory [/home/dogukanku/IdeaProjects/spring-boot-kafka-consumer-example/target/classes/com] for files matching pattern [/home/dogukanku/IdeaProjects/spring-boot-kafka-consumer-example/target/classes/com/*.class]
16:50:06.332 [main] DEBUG org.springframework.core.io.support.PathMatchingResourcePatternResolver - Looking for matching resources in jar file [file:/home/dogukanku/.m2/repository/com/fasterxml/jackson/core/jackson-databind/2.6.7/jackson-databind-2.6.7.jar]
16:50:06.338 [main] DEBUG org.springframework.core.io.support.PathMatchingResourcePatternResolver - Looking for matching resources in jar file [file:/home/dogukanku/.m2/repository/com/fasterxml/jackson/core/jackson-annotations/2.8.0/jackson-annotations-2.8.0.jar]
16:50:06.339 [main] DEBUG org.springframework.core.io.support.PathMatchingResourcePatternResolver - Looking for matching resources in jar file [file:/home/dogukanku/.m2/repository/com/fasterxml/jackson/core/jackson-core/2.8.11/jackson-core-2.8.11.jar]
16:50:06.340 [main] DEBUG org.springframework.core.io.support.PathMatchingResourcePatternResolver - Looking for matching resources in jar file [file:/home/dogukanku/.m2/repository/com/jayway/jsonpath/json-path/2.2.0/json-path-2.2.0.jar]
16:50:06.341 [main] DEBUG org.springframework.core.io.support.PathMatchingResourcePatternResolver - Resolved location pattern [classpath*:com/*.class] to resources []
16:50:06.343 [main] DEBUG org.springframework.test.context.junit4.SpringJUnit4ClassRunner - SpringJUnit4ClassRunner constructor called with [class com.techprimers.kafka.springbootkafkaconsumerexample.SpringBootKafkaConsumerExampleApplicationTests]
16:50:06.344 [main] DEBUG org.springframework.test.context.BootstrapUtils - Instantiating CacheAwareContextLoaderDelegate from class [org.springframework.test.context.cache.DefaultCacheAwareContextLoaderDelegate]
16:50:06.344 [main] DEBUG org.springframework.test.context.BootstrapUtils - Instantiating BootstrapContext using constructor [public org.springframework.test.context.support.DefaultBootstrapContext(java.lang.Class,org.springframework.test.context.CacheAwareContextLoaderDelegate)]
16:50:06.344 [main] DEBUG org.springframework.test.context.BootstrapUtils - Instantiating TestContextBootstrapper for test class [com.techprimers.kafka.springbootkafkaconsumerexample.SpringBootKafkaConsumerExampleApplicationTests] from class [org.springframework.boot.test.context.SpringBootTestContextBootstrapper]
16:50:06.344 [main] INFO org.springframework.boot.test.context.SpringBootTestContextBootstrapper - Neither @ContextConfiguration nor @ContextHierarchy found for test class [com.techprimers.kafka.springbootkafkaconsumerexample.SpringBootKafkaConsumerExampleApplicationTests], using SpringBootContextLoader
16:50:06.345 [main] DEBUG org.springframework.test.context.support.AbstractContextLoader - Did not detect default resource location for test class [com.techprimers.kafka.springbootkafkaconsumerexample.SpringBootKafkaConsumerExampleApplicationTests]: class path resource [com/techprimers/kafka/springbootkafkaconsumerexample/SpringBootKafkaConsumerExampleApplicationTests-context.xml] does not exist
16:50:06.345 [main] DEBUG org.springframework.test.context.support.AbstractContextLoader - Did not detect default resource location for test class [com.techprimers.kafka.springbootkafkaconsumerexample.SpringBootKafkaConsumerExampleApplicationTests]: class path resource [com/techprimers/kafka/springbootkafkaconsumerexample/SpringBootKafkaConsumerExampleApplicationTestsContext.groovy] does not exist
16:50:06.345 [main] INFO org.springframework.test.context.support.AbstractContextLoader - Could not detect default resource locations for test class [com.techprimers.kafka.springbootkafkaconsumerexample.SpringBootKafkaConsumerExampleApplicationTests]: no resource found for suffixes {-context.xml, Context.groovy}.
16:50:06.345 [main] INFO org.springframework.test.context.support.AnnotationConfigContextLoaderUtils - Could not detect default configuration classes for test class [com.techprimers.kafka.springbootkafkaconsumerexample.SpringBootKafkaConsumerExampleApplicationTests]: SpringBootKafkaConsumerExampleApplicationTests does not declare any static, non-private, non-final, nested classes annotated with @Configuration.
16:50:06.348 [main] DEBUG org.springframework.test.context.support.ActiveProfilesUtils - Could not find an 'annotation declaring class' for annotation type [org.springframework.test.context.ActiveProfiles] and class [com.techprimers.kafka.springbootkafkaconsumerexample.SpringBootKafkaConsumerExampleApplicationTests]
16:50:06.348 [main] DEBUG org.springframework.core.env.StandardEnvironment - Adding PropertySource 'systemProperties' with lowest search precedence
16:50:06.348 [main] DEBUG org.springframework.core.env.StandardEnvironment - Adding PropertySource 'systemEnvironment' with lowest search precedence
16:50:06.349 [main] DEBUG org.springframework.core.env.StandardEnvironment - Initialized StandardEnvironment with PropertySources [MapPropertySource@811587677 {name='systemProperties', properties={idea.version=2018.3.4, java.runtime.name=Java(TM) SE Runtime Environment, sun.boot.library.path=/usr/lib/jvm/java-8-oracle/jre/lib/amd64, java.vm.version=25.201-b09, java.vm.vendor=Oracle Corporation, java.vendor.url=http://java.oracle.com/, path.separator=:, java.vm.name=Java HotSpot(TM) 64-Bit Server VM, file.encoding.pkg=sun.io, user.country=US, sun.java.launcher=SUN_STANDARD, sun.os.patch.level=unknown, java.vm.specification.name=Java Virtual Machine Specification, user.dir=/home/dogukanku/IdeaProjects/spring-boot-kafka-consumer-example, java.runtime.version=1.8.0_201-b09, basedir=/home/dogukanku/IdeaProjects/spring-boot-kafka-consumer-example, java.awt.graphicsenv=sun.awt.X11GraphicsEnvironment, java.endorsed.dirs=/usr/lib/jvm/java-8-oracle/jre/lib/endorsed, os.arch=amd64, surefire.real.class.path=/home/dogukanku/IdeaProjects/spring-boot-kafka-consumer-example/target/surefire/surefirebooter6573962181115915215.jar, java.io.tmpdir=/tmp, line.separator=
, java.vm.specification.vendor=Oracle Corporation, os.name=Linux, sun.jnu.encoding=UTF-8, java.library.path=/usr/java/packages/lib/amd64:/usr/lib64:/lib64:/lib:/usr/lib, surefire.test.class.path=/home/dogukanku/IdeaProjects/spring-boot-kafka-consumer-example/target/test-classes:/home/dogukanku/IdeaProjects/spring-boot-kafka-consumer-example/target/classes:/home/dogukanku/.m2/repository/org/springframework/boot/spring-boot-starter/1.5.13.RELEASE/spring-boot-starter-1.5.13.RELEASE.jar:/home/dogukanku/.m2/repository/org/springframework/boot/spring-boot/1.5.13.RELEASE/spring-boot-1.5.13.RELEASE.jar:/home/dogukanku/.m2/repository/org/springframework/spring-context/4.3.17.RELEASE/spring-context-4.3.17.RELEASE.jar:/home/dogukanku/.m2/repository/org/springframework/spring-aop/4.3.17.RELEASE/spring-aop-4.3.17.RELEASE.jar:/home/dogukanku/.m2/repository/org/springframework/spring-expression/4.3.17.RELEASE/spring-expression-4.3.17.RELEASE.jar:/home/dogukanku/.m2/repository/org/springframework/boot/spring-boot-autoconfigure/1.5.13.RELEASE/spring-boot-autoconfigure-1.5.13.RELEASE.jar:/home/dogukanku/.m2/repository/org/springframework/boot/spring-boot-starter-logging/1.5.13.RELEASE/spring-boot-starter-logging-1.5.13.RELEASE.jar:/home/dogukanku/.m2/repository/ch/qos/logback/logback-classic/1.1.11/logback-classic-1.1.11.jar:/home/dogukanku/.m2/repository/ch/qos/logback/logback-core/1.1.11/logback-core-1.1.11.jar:/home/dogukanku/.m2/repository/org/slf4j/jcl-over-slf4j/1.7.25/jcl-over-slf4j-1.7.25.jar:/home/dogukanku/.m2/repository/org/slf4j/jul-to-slf4j/1.7.25/jul-to-slf4j-1.7.25.jar:/home/dogukanku/.m2/repository/org/slf4j/log4j-over-slf4j/1.7.25/log4j-over-slf4j-1.7.25.jar:/home/dogukanku/.m2/repository/org/springframework/spring-core/4.3.17.RELEASE/spring-core-4.3.17.RELEASE.jar:/home/dogukanku/.m2/repository/org/yaml/snakeyaml/1.17/snakeyaml-1.17.jar:/home/dogukanku/.m2/repository/org/springframework/kafka/spring-kafka/1.1.8.RELEASE/spring-kafka-1.1.8.RELEASE.jar:/home/dogukanku/.m2/repository/org/springframework/spring-messaging/4.3.17.RELEASE/spring-messaging-4.3.17.RELEASE.jar:/home/dogukanku/.m2/repository/org/springframework/spring-beans/4.3.17.RELEASE/spring-beans-4.3.17.RELEASE.jar:/home/dogukanku/.m2/repository/org/springframework/retry/spring-retry/1.2.2.RELEASE/spring-retry-1.2.2.RELEASE.jar:/home/dogukanku/.m2/repository/org/apache/kafka/kafka-clients/0.10.1.1/kafka-clients-0.10.1.1.jar:/home/dogukanku/.m2/repository/net/jpountz/lz4/lz4/1.3.0/lz4-1.3.0.jar:/home/dogukanku/.m2/repository/org/xerial/snappy/snappy-java/1.1.2.6/snappy-java-1.1.2.6.jar:/home/dogukanku/.m2/repository/com/fasterxml/jackson/core/jackson-databind/2.6.7/jackson-databind-2.6.7.jar:/home/dogukanku/.m2/repository/com/fasterxml/jackson/core/jackson-annotations/2.8.0/jackson-annotations-2.8.0.jar:/home/dogukanku/.m2/repository/com/fasterxml/jackson/core/jackson-core/2.8.11/jackson-core-2.8.11.jar:/home/dogukanku/.m2/repository/org/springframework/boot/spring-boot-starter-test/1.5.13.RELEASE/spring-boot-starter-test-1.5.13.RELEASE.jar:/home/dogukanku/.m2/repository/org/springframework/boot/spring-boot-test/1.5.13.RELEASE/spring-boot-test-1.5.13.RELEASE.jar:/home/dogukanku/.m2/repository/org/springframework/boot/spring-boot-test-autoconfigure/1.5.13.RELEASE/spring-boot-test-autoconfigure-1.5.13.RELEASE.jar:/home/dogukanku/.m2/repository/com/jayway/jsonpath/json-path/2.2.0/json-path-2.2.0.jar:/home/dogukanku/.m2/repository/net/minidev/json-smart/2.2.1/json-smart-2.2.1.jar:/home/dogukanku/.m2/repository/net/minidev/accessors-smart/1.1/accessors-smart-1.1.jar:/home/dogukanku/.m2/repository/org/ow2/asm/asm/5.0.3/asm-5.0.3.jar:/home/dogukanku/.m2/repository/org/slf4j/slf4j-api/1.7.25/slf4j-api-1.7.25.jar:/home/dogukanku/.m2/repository/junit/junit/4.12/junit-4.12.jar:/home/dogukanku/.m2/repository/org/assertj/assertj-core/2.6.0/assertj-core-2.6.0.jar:/home/dogukanku/.m2/repository/org/mockito/mockito-core/1.10.19/mockito-core-1.10.19.jar:/home/dogukanku/.m2/repository/org/objenesis/objenesis/2.1/objenesis-2.1.jar:/home/dogukanku/.m2/repository/org/hamcrest/hamcrest-core/1.3/hamcrest-core-1.3.jar:/home/dogukanku/.m2/repository/org/hamcrest/hamcrest-library/1.3/hamcrest-library-1.3.jar:/home/dogukanku/.m2/repository/org/skyscreamer/jsonassert/1.4.0/jsonassert-1.4.0.jar:/home/dogukanku/.m2/repository/com/vaadin/external/google/android-json/0.0.20131108.vaadin1/android-json-0.0.20131108.vaadin1.jar:/home/dogukanku/.m2/repository/org/springframework/spring-test/4.3.17.RELEASE/spring-test-4.3.17.RELEASE.jar:, java.specification.name=Java Platform API Specification, java.class.version=52.0, sun.management.compiler=HotSpot 64-Bit Tiered Compilers, os.version=4.15.0-45-generic, user.home=/home/dogukanku, user.timezone=Europe/Istanbul, java.awt.printerjob=sun.print.PSPrinterJob, file.encoding=UTF-8, java.specification.version=1.8, java.class.path=/home/dogukanku/IdeaProjects/spring-boot-kafka-consumer-example/target/test-classes:/home/dogukanku/IdeaProjects/spring-boot-kafka-consumer-example/target/classes:/home/dogukanku/.m2/repository/org/springframework/boot/spring-boot-starter/1.5.13.RELEASE/spring-boot-starter-1.5.13.RELEASE.jar:/home/dogukanku/.m2/repository/org/springframework/boot/spring-boot/1.5.13.RELEASE/spring-boot-1.5.13.RELEASE.jar:/home/dogukanku/.m2/repository/org/springframework/spring-context/4.3.17.RELEASE/spring-context-4.3.17.RELEASE.jar:/home/dogukanku/.m2/repository/org/springframework/spring-aop/4.3.17.RELEASE/spring-aop-4.3.17.RELEASE.jar:/home/dogukanku/.m2/repository/org/springframework/spring-expression/4.3.17.RELEASE/spring-expression-4.3.17.RELEASE.jar:/home/dogukanku/.m2/repository/org/springframework/boot/spring-boot-autoconfigure/1.5.13.RELEASE/spring-boot-autoconfigure-1.5.13.RELEASE.jar:/home/dogukanku/.m2/repository/org/springframework/boot/spring-boot-starter-logging/1.5.13.RELEASE/spring-boot-starter-logging-1.5.13.RELEASE.jar:/home/dogukanku/.m2/repository/ch/qos/logback/logback-classic/1.1.11/logback-classic-1.1.11.jar:/home/dogukanku/.m2/repository/ch/qos/logback/logback-core/1.1.11/logback-core-1.1.11.jar:/home/dogukanku/.m2/repository/org/slf4j/jcl-over-slf4j/1.7.25/jcl-over-slf4j-1.7.25.jar:/home/dogukanku/.m2/repository/org/slf4j/jul-to-slf4j/1.7.25/jul-to-slf4j-1.7.25.jar:/home/dogukanku/.m2/repository/org/slf4j/log4j-over-slf4j/1.7.25/log4j-over-slf4j-1.7.25.jar:/home/dogukanku/.m2/repository/org/springframework/spring-core/4.3.17.RELEASE/spring-core-4.3.17.RELEASE.jar:/home/dogukanku/.m2/repository/org/yaml/snakeyaml/1.17/snakeyaml-1.17.jar:/home/dogukanku/.m2/repository/org/springframework/kafka/spring-kafka/1.1.8.RELEASE/spring-kafka-1.1.8.RELEASE.jar:/home/dogukanku/.m2/repository/org/springframework/spring-messaging/4.3.17.RELEASE/spring-messaging-4.3.17.RELEASE.jar:/home/dogukanku/.m2/repository/org/springframework/spring-beans/4.3.17.RELEASE/spring-beans-4.3.17.RELEASE.jar:/home/dogukanku/.m2/repository/org/springframework/retry/spring-retry/1.2.2.RELEASE/spring-retry-1.2.2.RELEASE.jar:/home/dogukanku/.m2/repository/org/apache/kafka/kafka-clients/0.10.1.1/kafka-clients-0.10.1.1.jar:/home/dogukanku/.m2/repository/net/jpountz/lz4/lz4/1.3.0/lz4-1.3.0.jar:/home/dogukanku/.m2/repository/org/xerial/snappy/snappy-java/1.1.2.6/snappy-java-1.1.2.6.jar:/home/dogukanku/.m2/repository/com/fasterxml/jackson/core/jackson-databind/2.6.7/jackson-databind-2.6.7.jar:/home/dogukanku/.m2/repository/com/fasterxml/jackson/core/jackson-annotations/2.8.0/jackson-annotations-2.8.0.jar:/home/dogukanku/.m2/repository/com/fasterxml/jackson/core/jackson-core/2.8.11/jackson-core-2.8.11.jar:/home/dogukanku/.m2/repository/org/springframework/boot/spring-boot-starter-test/1.5.13.RELEASE/spring-boot-starter-test-1.5.13.RELEASE.jar:/home/dogukanku/.m2/repository/org/springframework/boot/spring-boot-test/1.5.13.RELEASE/spring-boot-test-1.5.13.RELEASE.jar:/home/dogukanku/.m2/repository/org/springframework/boot/spring-boot-test-autoconfigure/1.5.13.RELEASE/spring-boot-test-autoconfigure-1.5.13.RELEASE.jar:/home/dogukanku/.m2/repository/com/jayway/jsonpath/json-path/2.2.0/json-path-2.2.0.jar:/home/dogukanku/.m2/repository/net/minidev/json-smart/2.2.1/json-smart-2.2.1.jar:/home/dogukanku/.m2/repository/net/minidev/accessors-smart/1.1/accessors-smart-1.1.jar:/home/dogukanku/.m2/repository/org/ow2/asm/asm/5.0.3/asm-5.0.3.jar:/home/dogukanku/.m2/repository/org/slf4j/slf4j-api/1.7.25/slf4j-api-1.7.25.jar:/home/dogukanku/.m2/repository/junit/junit/4.12/junit-4.12.jar:/home/dogukanku/.m2/repository/org/assertj/assertj-core/2.6.0/assertj-core-2.6.0.jar:/home/dogukanku/.m2/repository/org/mockito/mockito-core/1.10.19/mockito-core-1.10.19.jar:/home/dogukanku/.m2/repository/org/objenesis/objenesis/2.1/objenesis-2.1.jar:/home/dogukanku/.m2/repository/org/hamcrest/hamcrest-core/1.3/hamcrest-core-1.3.jar:/home/dogukanku/.m2/repository/org/hamcrest/hamcrest-library/1.3/hamcrest-library-1.3.jar:/home/dogukanku/.m2/repository/org/skyscreamer/jsonassert/1.4.0/jsonassert-1.4.0.jar:/home/dogukanku/.m2/repository/com/vaadin/external/google/android-json/0.0.20131108.vaadin1/android-json-0.0.20131108.vaadin1.jar:/home/dogukanku/.m2/repository/org/springframework/spring-test/4.3.17.RELEASE/spring-test-4.3.17.RELEASE.jar:, user.name=dogukanku, java.vm.specification.version=1.8, sun.java.command=/home/dogukanku/IdeaProjects/spring-boot-kafka-consumer-example/target/surefire/surefirebooter6573962181115915215.jar /home/dogukanku/IdeaProjects/spring-boot-kafka-consumer-example/target/surefire/surefire1600791188481294623tmp /home/dogukanku/IdeaProjects/spring-boot-kafka-consumer-example/target/surefire/surefire_01476280906653535185tmp, java.home=/usr/lib/jvm/java-8-oracle/jre, sun.arch.data.model=64, user.language=en, java.specification.vendor=Oracle Corporation, awt.toolkit=sun.awt.X11.XToolkit, java.vm.info=mixed mode, java.version=1.8.0_201, java.ext.dirs=/usr/lib/jvm/java-8-oracle/jre/lib/ext:/usr/java/packages/lib/ext, sun.boot.class.path=/usr/lib/jvm/java-8-oracle/jre/lib/resources.jar:/usr/lib/jvm/java-8-oracle/jre/lib/rt.jar:/usr/lib/jvm/java-8-oracle/jre/lib/sunrsasign.jar:/usr/lib/jvm/java-8-oracle/jre/lib/jsse.jar:/usr/lib/jvm/java-8-oracle/jre/lib/jce.jar:/usr/lib/jvm/java-8-oracle/jre/lib/charsets.jar:/usr/lib/jvm/java-8-oracle/jre/lib/jfr.jar:/usr/lib/jvm/java-8-oracle/jre/classes, java.vendor=Oracle Corporation, localRepository=/home/dogukanku/.m2/repository, file.separator=/, java.vendor.url.bug=http://bugreport.sun.com/bugreport/, sun.io.unicode.encoding=UnicodeLittle, sun.cpu.endian=little, sun.desktop=gnome, sun.cpu.isalist=}}, SystemEnvironmentPropertySource@1166807841 {name='systemEnvironment', properties={PATH=/home/dogukanku/bin:/home/dogukanku/.local/bin:/opt/maven/bin:/usr/local/sbin:/usr/local/bin:/usr/sbin:/usr/bin:/sbin:/bin:/usr/games:/usr/local/games:/snap/bin:/usr/lib/jvm/java-8-oracle/bin:/usr/lib/jvm/java-8-oracle/db/bin:/usr/lib/jvm/java-8-oracle/jre/bin, LC_MEASUREMENT=tr_TR.UTF-8, XAUTHORITY=/home/dogukanku/.Xauthority, XMODIFIERS=@im=ibus, LC_TELEPHONE=tr_TR.UTF-8, XDG_DATA_DIRS=/usr/share/ubuntu:/usr/share/gnome:/usr/local/share:/usr/share:/var/lib/snapd/desktop, GDMSESSION=ubuntu, MANDATORY_PATH=/usr/share/gconf/ubuntu.mandatory.path, LC_TIME=tr_TR.UTF-8, GTK_IM_MODULE=ibus, DBUS_SESSION_BUS_ADDRESS=unix:abstract=/tmp/dbus-c2Dn0CTmrz, DEFAULTS_PATH=/usr/share/gconf/ubuntu.default.path, XDG_CURRENT_DESKTOP=Unity, UPSTART_SESSION=unix:abstract=/com/ubuntu/upstart-session/1000/2601, QT4_IM_MODULE=xim, LC_PAPER=tr_TR.UTF-8, QT_LINUX_ACCESSIBILITY_ALWAYS_ON=1, LOGNAME=dogukanku, JOB=unity-settings-daemon, PWD=/home/dogukanku/IdeaProjects/spring-boot-kafka-consumer-example, DERBY_HOME=/usr/lib/jvm/java-8-oracle/db, IM_CONFIG_PHASE=1, LANGUAGE=en_US, SHELL=/bin/bash, LC_ADDRESS=tr_TR.UTF-8, UNITY_HAS_3D_SUPPORT=true, GIO_LAUNCHED_DESKTOP_FILE=/home/dogukanku/.local/share/applications/jetbrains-idea.desktop, GTK2_MODULES=overlay-scrollbar, INSTANCE=, J2SDKDIR=/usr/lib/jvm/java-8-oracle, OLDPWD=/home/dogukanku/IdeaProjects/spring-boot-kafka-consumer-example, GNOME_DESKTOP_SESSION_ID=this-is-deprecated, UPSTART_INSTANCE=, GTK_MODULES=gail:atk-bridge:unity-gtk-module, J2REDIR=/usr/lib/jvm/java-8-oracle/jre, CLUTTER_IM_MODULE=xim, XDG_SESSION_PATH=/org/freedesktop/DisplayManager/Session0, M2_HOME=/opt/maven, COMPIZ_BIN_PATH=/usr/bin/, SESSIONTYPE=gnome-session, XDG_SESSION_DESKTOP=ubuntu, SHLVL=0, LC_IDENTIFICATION=tr_TR.UTF-8, LC_MONETARY=tr_TR.UTF-8, COMPIZ_CONFIG_PROFILE=ubuntu, QT_IM_MODULE=ibus, UPSTART_JOB=unity7, JAVA_HOME=/usr/lib/jvm/java-8-oracle, XDG_CONFIG_DIRS=/etc/xdg/xdg-ubuntu:/usr/share/upstart/xdg:/etc/xdg, LANG=en_US.UTF-8, GNOME_KEYRING_CONTROL=, XDG_SEAT_PATH=/org/freedesktop/DisplayManager/Seat0, XDG_SESSION_ID=c2, XDG_SESSION_TYPE=x11, DISPLAY=:0, UNITY_DEFAULT_PROFILE=unity, LC_NAME=tr_TR.UTF-8, GDM_LANG=en_US, XDG_GREETER_DATA_DIR=/var/lib/lightdm-data/dogukanku, UPSTART_EVENTS=xsession started, GPG_AGENT_INFO=/home/dogukanku/.gnupg/S.gpg-agent:0:1, DESKTOP_SESSION=ubuntu, SESSION=ubuntu, USER=dogukanku, XDG_MENU_PREFIX=gnome-, GIO_LAUNCHED_DESKTOP_FILE_PID=12442, QT_ACCESSIBILITY=1, LC_NUMERIC=tr_TR.UTF-8, SSH_AUTH_SOCK=/run/user/1000/keyring/ssh, XDG_SEAT=seat0, QT_QPA_PLATFORMTHEME=appmenu-qt5, XDG_VTNR=7, XDG_RUNTIME_DIR=/run/user/1000, HOME=/home/dogukanku, GNOME_KEYRING_PID=}}]
16:50:06.349 [main] DEBUG org.springframework.core.io.support.PathMatchingResourcePatternResolver - Resolved classpath location [com/techprimers/kafka/springbootkafkaconsumerexample/] to resources [URL [file:/home/dogukanku/IdeaProjects/spring-boot-kafka-consumer-example/target/test-classes/com/techprimers/kafka/springbootkafkaconsumerexample/]]
16:50:06.350 [main] DEBUG org.springframework.core.io.support.PathMatchingResourcePatternResolver - Looking for matching resources in directory tree [/home/dogukanku/IdeaProjects/spring-boot-kafka-consumer-example/target/test-classes/com/techprimers/kafka/springbootkafkaconsumerexample]
16:50:06.350 [main] DEBUG org.springframework.core.io.support.PathMatchingResourcePatternResolver - Searching directory [/home/dogukanku/IdeaProjects/spring-boot-kafka-consumer-example/target/test-classes/com/techprimers/kafka/springbootkafkaconsumerexample] for files matching pattern [/home/dogukanku/IdeaProjects/spring-boot-kafka-consumer-example/target/test-classes/com/techprimers/kafka/springbootkafkaconsumerexample/*.class]
16:50:06.350 [main] DEBUG org.springframework.core.io.support.PathMatchingResourcePatternResolver - Resolved location pattern [classpath*:com/techprimers/kafka/springbootkafkaconsumerexample/*.class] to resources [file [/home/dogukanku/IdeaProjects/spring-boot-kafka-consumer-example/target/test-classes/com/techprimers/kafka/springbootkafkaconsumerexample/SpringBootKafkaConsumerExampleApplicationTests.class]]
16:50:06.351 [main] DEBUG org.springframework.core.io.support.PathMatchingResourcePatternResolver - Resolved classpath location [com/techprimers/kafka/] to resources [URL [file:/home/dogukanku/IdeaProjects/spring-boot-kafka-consumer-example/target/test-classes/com/techprimers/kafka/]]
16:50:06.351 [main] DEBUG org.springframework.core.io.support.PathMatchingResourcePatternResolver - Looking for matching resources in directory tree [/home/dogukanku/IdeaProjects/spring-boot-kafka-consumer-example/target/test-classes/com/techprimers/kafka]
16:50:06.351 [main] DEBUG org.springframework.core.io.support.PathMatchingResourcePatternResolver - Searching directory [/home/dogukanku/IdeaProjects/spring-boot-kafka-consumer-example/target/test-classes/com/techprimers/kafka] for files matching pattern [/home/dogukanku/IdeaProjects/spring-boot-kafka-consumer-example/target/test-classes/com/techprimers/kafka/*.class]
16:50:06.351 [main] DEBUG org.springframework.core.io.support.PathMatchingResourcePatternResolver - Resolved location pattern [classpath*:com/techprimers/kafka/*.class] to resources []
16:50:06.352 [main] DEBUG org.springframework.core.io.support.PathMatchingResourcePatternResolver - Resolved classpath location [com/techprimers/] to resources [URL [file:/home/dogukanku/IdeaProjects/spring-boot-kafka-consumer-example/target/test-classes/com/techprimers/]]
16:50:06.352 [main] DEBUG org.springframework.core.io.support.PathMatchingResourcePatternResolver - Looking for matching resources in directory tree [/home/dogukanku/IdeaProjects/spring-boot-kafka-consumer-example/target/test-classes/com/techprimers]
16:50:06.352 [main] DEBUG org.springframework.core.io.support.PathMatchingResourcePatternResolver - Searching directory [/home/dogukanku/IdeaProjects/spring-boot-kafka-consumer-example/target/test-classes/com/techprimers] for files matching pattern [/home/dogukanku/IdeaProjects/spring-boot-kafka-consumer-example/target/test-classes/com/techprimers/*.class]
16:50:06.352 [main] DEBUG org.springframework.core.io.support.PathMatchingResourcePatternResolver - Resolved location pattern [classpath*:com/techprimers/*.class] to resources []
16:50:06.352 [main] DEBUG org.springframework.core.io.support.PathMatchingResourcePatternResolver - Resolved classpath location [com/] to resources [URL [file:/home/dogukanku/IdeaProjects/spring-boot-kafka-consumer-example/target/test-classes/com/], URL [file:/home/dogukanku/IdeaProjects/spring-boot-kafka-consumer-example/target/classes/com/], URL [jar:file:/home/dogukanku/.m2/repository/com/fasterxml/jackson/core/jackson-databind/2.6.7/jackson-databind-2.6.7.jar!/com/], URL [jar:file:/home/dogukanku/.m2/repository/com/fasterxml/jackson/core/jackson-annotations/2.8.0/jackson-annotations-2.8.0.jar!/com/], URL [jar:file:/home/dogukanku/.m2/repository/com/fasterxml/jackson/core/jackson-core/2.8.11/jackson-core-2.8.11.jar!/com/], URL [jar:file:/home/dogukanku/.m2/repository/com/jayway/jsonpath/json-path/2.2.0/json-path-2.2.0.jar!/com/]]
16:50:06.352 [main] DEBUG org.springframework.core.io.support.PathMatchingResourcePatternResolver - Looking for matching resources in directory tree [/home/dogukanku/IdeaProjects/spring-boot-kafka-consumer-example/target/test-classes/com]
16:50:06.353 [main] DEBUG org.springframework.core.io.support.PathMatchingResourcePatternResolver - Searching directory [/home/dogukanku/IdeaProjects/spring-boot-kafka-consumer-example/target/test-classes/com] for files matching pattern [/home/dogukanku/IdeaProjects/spring-boot-kafka-consumer-example/target/test-classes/com/*.class]
16:50:06.353 [main] DEBUG org.springframework.core.io.support.PathMatchingResourcePatternResolver - Looking for matching resources in directory tree [/home/dogukanku/IdeaProjects/spring-boot-kafka-consumer-example/target/classes/com]
16:50:06.353 [main] DEBUG org.springframework.core.io.support.PathMatchingResourcePatternResolver - Searching directory [/home/dogukanku/IdeaProjects/spring-boot-kafka-consumer-example/target/classes/com] for files matching pattern [/home/dogukanku/IdeaProjects/spring-boot-kafka-consumer-example/target/classes/com/*.class]
16:50:06.353 [main] DEBUG org.springframework.core.io.support.PathMatchingResourcePatternResolver - Looking for matching resources in jar file [file:/home/dogukanku/.m2/repository/com/fasterxml/jackson/core/jackson-databind/2.6.7/jackson-databind-2.6.7.jar]
16:50:06.355 [main] DEBUG org.springframework.core.io.support.PathMatchingResourcePatternResolver - Looking for matching resources in jar file [file:/home/dogukanku/.m2/repository/com/fasterxml/jackson/core/jackson-annotations/2.8.0/jackson-annotations-2.8.0.jar]
16:50:06.356 [main] DEBUG org.springframework.core.io.support.PathMatchingResourcePatternResolver - Looking for matching resources in jar file [file:/home/dogukanku/.m2/repository/com/fasterxml/jackson/core/jackson-core/2.8.11/jackson-core-2.8.11.jar]
16:50:06.356 [main] DEBUG org.springframework.core.io.support.PathMatchingResourcePatternResolver - Looking for matching resources in jar file [file:/home/dogukanku/.m2/repository/com/jayway/jsonpath/json-path/2.2.0/json-path-2.2.0.jar]
16:50:06.357 [main] DEBUG org.springframework.core.io.support.PathMatchingResourcePatternResolver - Resolved location pattern [classpath*:com/*.class] to resources []
]]></system-out>
  </testcase>
</testsuite>